<?xml version="1.0" encoding="UTF-8"?>
<!-- Generated by org.testng.reporters.JUnitReportReporter -->
<testsuite hostname="localhosts" failures="0" tests="1" name="Testing.testngTest" time="0.018" errors="0" timestamp="2024-07-10T12:02:04 IST" skipped="0">
  <testcase classname="Testing.testngTest" name="sampleTest" time="0.018"/>
  <system-out/>
</testsuite> <!-- Testing.testngTest -->
